<?xml version="1.0" encoding="UTF-8"?>
<testsuite name="com.example.service.ToDoServiceTest" time="0.089" tests="4" errors="0" skipped="0" failures="0">
  <properties>
[...]
</properties>
  <testcase name="saveToDo" classname="com.example.service.ToDoServiceTest" time="0.05"/>
  <testcase name="testGetToDoById" classname="com.example.service.ToDoServiceTest" time="0.005"/>
  <testcase name="testGetAllToDo" classname="com.example.service.ToDoServiceTest" time="0.015"/>
  <testcase name="removeToDo" classname="com.example.service.ToDoServiceTest" time="0.019"/>
</testsuite>